sample-nosupport/build/outputs/logs/manifest-merger-debug-report.txt
-- Merging decision tree log ---
manifest
ADDED from src\main\AndroidManifest.xml:2:1-22:12
INJECTED from src\main\AndroidManifest.xml:2:1-22:12
INJECTED from src\main\AndroidManifest.xml:2:1-22:12
MERGED from [:zxing-android-embedded] AndroidManifest.xml:17:1-55:12
MERGED from [com.android.support:support-v4:25.1.0] AndroidManifest.xml:17:1-27:12
MERGED from [com.android.support:support-fragment:25.1.0] AndroidManifest.xml:17:1-27:12
MERGED from [com.android.support:support-media-compat:25.1.0] AndroidManifest.xml:17:1-27:12
MERGED from [com.android.support:support-core-utils:25.1.0] AndroidManifest.xml:17:1-27:12
MERGED from [com.android.support:support-core-ui:25.1.0] AndroidManifest.xml:17:1-27:12
MERGED from [com.android.support:support-compat:25.1.0] AndroidManifest.xml:17:1-27:12
INJECTED from src\main\AndroidManifest.xml:2:1-22:12
INJECTED from src\main\AndroidManifest.xml:2:1-22:12
	package
		ADDED from src\main\AndroidManifest.xml:3:5-28
	android:versionName
		INJECTED from src\main\AndroidManifest.xml
		ADDED from src\main\AndroidManifest.xml:2:1-22:12
		INJECTED from src\main\AndroidManifest.xml
	android:versionCode
		INJECTED from src\main\AndroidManifest.xml
		ADDED from src\main\AndroidManifest.xml:2:1-22:12
		INJECTED from src\main\AndroidManifest.xml
	xmlns:android
		ADDED from src\main\AndroidManifest.xml:2:11-69
application
ADDED from src\main\AndroidManifest.xml:5:5-19:19
MERGED from [:zxing-android-embedded] AndroidManifest.xml:45:5-53:19
MERGED from [:zxing-android-embedded] AndroidManifest.xml:45:5-53:19
MERGED from [com.android.support:support-v4:25.1.0] AndroidManifest.xml:25:5-20
MERGED from [com.android.support:support-v4:25.1.0] AndroidManifest.xml:25:5-20
MERGED from [com.android.support:support-fragment:25.1.0] AndroidManifest.xml:25:5-20
MERGED from [com.android.support:support-fragment:25.1.0] AndroidManifest.xml:25:5-20
MERGED from [com.android.support:support-media-compat:25.1.0] AndroidManifest.xml:25:5-20
MERGED from [com.android.support:support-media-compat:25.1.0] AndroidManifest.xml:25:5-20
MERGED from [com.android.support:support-core-utils:25.1.0] AndroidManifest.xml:25:5-20
MERGED from [com.android.support:support-core-utils:25.1.0] AndroidManifest.xml:25:5-20
MERGED from [com.android.support:support-core-ui:25.1.0] AndroidManifest.xml:25:5-20
MERGED from [com.android.support:support-core-ui:25.1.0] AndroidManifest.xml:25:5-20
MERGED from [com.android.support:support-compat:25.1.0] AndroidManifest.xml:25:5-20
MERGED from [com.android.support:support-compat:25.1.0] AndroidManifest.xml:25:5-20
	android:label
		ADDED from src\main\AndroidManifest.xml:8:9-41
	android:icon
		ADDED from src\main\AndroidManifest.xml:7:9-38
	android:allowBackup
		ADDED from src\main\AndroidManifest.xml:6:9-35
activity#example.zxing.MainActivity
ADDED from src\main\AndroidManifest.xml:9:9-18:20
	android:label
		ADDED from src\main\AndroidManifest.xml:11:13-45
	android:theme
		ADDED from src\main\AndroidManifest.xml:12:13-44
	android:name
		ADDED from src\main\AndroidManifest.xml:10:13-54
intent-filter#android.intent.action.MAIN+android.intent.category.LAUNCHER
ADDED from src\main\AndroidManifest.xml:13:13-17:29
action#android.intent.action.MAIN
ADDED from src\main\AndroidManifest.xml:14:17-69
	android:name
		ADDED from src\main\AndroidManifest.xml:14:25-66
category#android.intent.category.LAUNCHER
ADDED from src\main\AndroidManifest.xml:16:17-77
	android:name
		ADDED from src\main\AndroidManifest.xml:16:27-74
uses-sdk
INJECTED from src\main\AndroidManifest.xml reason: use-sdk injection requested
INJECTED from src\main\AndroidManifest.xml
INJECTED from src\main\AndroidManifest.xml
MERGED from [:zxing-android-embedded] AndroidManifest.xml:19:5-43
MERGED from [:zxing-android-embedded] AndroidManifest.xml:19:5-43
MERGED from [com.android.support:support-v4:25.1.0] AndroidManifest.xml:21:5-23:54
MERGED from [com.android.support:support-v4:25.1.0] AndroidManifest.xml:21:5-23:54
MERGED from [com.android.support:support-fragment:25.1.0] AndroidManifest.xml:21:5-23:60
MERGED from [com.android.support:support-fragment:25.1.0] AndroidManifest.xml:21:5-23:60
MERGED from [com.android.support:support-media-compat:25.1.0] AndroidManifest.xml:21:5-23:63
MERGED from [com.android.support:support-media-compat:25.1.0] AndroidManifest.xml:21:5-23:63
MERGED from [com.android.support:support-core-utils:25.1.0] AndroidManifest.xml:21:5-23:61
MERGED from [com.android.support:support-core-utils:25.1.0] AndroidManifest.xml:21:5-23:61
MERGED from [com.android.support:support-core-ui:25.1.0] AndroidManifest.xml:21:5-23:58
MERGED from [com.android.support:support-core-ui:25.1.0] AndroidManifest.xml:21:5-23:58
MERGED from [com.android.support:support-compat:25.1.0] AndroidManifest.xml:21:5-23:58
MERGED from [com.android.support:support-compat:25.1.0] AndroidManifest.xml:21:5-23:58
INJECTED from src\main\AndroidManifest.xml
INJECTED from src\main\AndroidManifest.xml
	tools:overrideLibrary
		ADDED from [com.android.support:support-v4:25.1.0] AndroidManifest.xml:23:9-51
	android:targetSdkVersion
		INJECTED from src\main\AndroidManifest.xml
		ADDED from src\main\AndroidManifest.xml
		INJECTED from src\main\AndroidManifest.xml
	android:minSdkVersion
		INJECTED from src\main\AndroidManifest.xml
		ADDED from src\main\AndroidManifest.xml
		INJECTED from src\main\AndroidManifest.xml
uses-permission#android.permission.CAMERA
ADDED from [:zxing-android-embedded] AndroidManifest.xml:21:5-65
	android:name
		ADDED from [:zxing-android-embedded] AndroidManifest.xml:21:22-62
uses-feature#android.hardware.camera
ADDED from [:zxing-android-embedded] AndroidManifest.xml:24:5-26:36
	android:required
		ADDED from [:zxing-android-embedded] AndroidManifest.xml:26:9-33
	android:name
		ADDED from [:zxing-android-embedded] AndroidManifest.xml:25:9-47
uses-feature#android.hardware.camera.front
ADDED from [:zxing-android-embedded] AndroidManifest.xml:27:5-29:36
	android:required
		ADDED from [:zxing-android-embedded] AndroidManifest.xml:29:9-33
	android:name
		ADDED from [:zxing-android-embedded] AndroidManifest.xml:28:9-53
uses-feature#android.hardware.camera.autofocus
ADDED from [:zxing-android-embedded] AndroidManifest.xml:32:5-34:36
	android:required
		ADDED from [:zxing-android-embedded] AndroidManifest.xml:34:9-33
	android:name
		ADDED from [:zxing-android-embedded] AndroidManifest.xml:33:9-57
uses-feature#android.hardware.camera.flash
ADDED from [:zxing-android-embedded] AndroidManifest.xml:35:5-37:36
	android:required
		ADDED from [:zxing-android-embedded] AndroidManifest.xml:37:9-33
	android:name
		ADDED from [:zxing-android-embedded] AndroidManifest.xml:36:9-53
uses-feature#android.hardware.screen.landscape
ADDED from [:zxing-android-embedded] AndroidManifest.xml:38:5-40:36
	android:required
		ADDED from [:zxing-android-embedded] AndroidManifest.xml:40:9-33
	android:name
		ADDED from [:zxing-android-embedded] AndroidManifest.xml:39:9-57
uses-feature#android.hardware.wifi
ADDED from [:zxing-android-embedded] AndroidManifest.xml:41:5-43:36
	android:required
		ADDED from [:zxing-android-embedded] AndroidManifest.xml:43:9-33
	android:name
		ADDED from [:zxing-android-embedded] AndroidManifest.xml:42:9-45
activity#com.journeyapps.barcodescanner.CaptureActivity
ADDED from [:zxing-android-embedded] AndroidManifest.xml:46:9-52:63
	android:screenOrientation
		ADDED from [:zxing-android-embedded] AndroidManifest.xml:49:13-56
	android:clearTaskOnLaunch
		ADDED from [:zxing-android-embedded] AndroidManifest.xml:48:13-45
	android:stateNotNeeded
		ADDED from [:zxing-android-embedded] AndroidManifest.xml:50:13-42
	android:windowSoftInputMode
		ADDED from [:zxing-android-embedded] AndroidManifest.xml:52:13-60
	android:theme
		ADDED from [:zxing-android-embedded] AndroidManifest.xml:51:13-54
	android:name
		ADDED from [:zxing-android-embedded] AndroidManifest.xml:47:13-74